<?xml version="1.0" encoding="UTF-8"?>
<!-- Generated by org.testng.reporters.JUnitReportReporter -->
<testsuite hostname="Shahid" failures="0" tests="4" name="TestCase.LoginTest" time="95.947" errors="0" timestamp="2023-03-11T21:03:36 IST" skipped="0">
  <testcase classname="TestCase.LoginTest" name="paramTest" time="23.012"/>
  <system-out/>
  <testcase classname="TestCase.LoginTest" name="LogiFailureTest" time="28.627"/>
  <system-out/>
  <testcase classname="TestCase.LoginTest" name="LoginSuccessTest" time="22.854"/>
  <system-out/>
  <testcase classname="TestCase.LoginTest" name="excelTestData" time="21.454"/>
  <system-out/>
</testsuite> <!-- TestCase.LoginTest -->
