<?xml version="1.0" encoding="UTF-8"?>
<!-- Generated by org.testng.reporters.JUnitReportReporter -->
<testsuite hostname="Shahid" failures="0" tests="4" name="TestCase.LoginTest" time="84.726" errors="0" timestamp="2023-03-12T20:49:38 IST" skipped="0">
  <testcase classname="TestCase.LoginTest" name="paramTest" time="20.391"/>
  <system-out/>
  <testcase classname="TestCase.LoginTest" name="LoginSuccessTest" time="22.802"/>
  <system-out/>
  <testcase classname="TestCase.LoginTest" name="LogiFailureTest" time="23.633"/>
  <system-out/>
  <testcase classname="TestCase.LoginTest" name="excelTestData" time="17.900"/>
  <system-out/>
</testsuite> <!-- TestCase.LoginTest -->
